#
# There is insufficient memory for the Java Runtime Environment to continue.
# Native memory allocation (malloc) failed to allocate 32744 bytes for ChunkPool::allocate
# Possible reasons:
#   The system is out of physical RAM or swap space
#   In 32 bit mode, the process size limit was hit
# Possible solutions:
#   Reduce memory load on the system
#   Increase physical memory or swap space
#   Check if swap backing store is full
#   Use 64 bit Java on a 64 bit OS
#   Decrease Java heap size (-Xmx/-Xms)
#   Decrease number of Java threads
#   Decrease Java thread stack sizes (-Xss)
#   Set larger code cache with -XX:ReservedCodeCacheSize=
# This output file may be truncated or incomplete.
#
#  Out of Memory Error (allocation.cpp:219), pid=5408, tid=6908
#
# JRE version: 7.0-b147
# Java VM: Java HotSpot(TM) 64-Bit Server VM (21.0-b17 mixed mode windows-amd64 compressed oops)
# Failed to write core dump. Minidumps are not enabled by default on client versions of Windows
#

---------------  T H R E A D  ---------------

Current thread (0x00000000066a3800):  JavaThread "C2 CompilerThread0" daemon [_thread_in_native, id=6908, stack(0x0000000007060000,0x0000000007160000)]

Stack: [0x0000000007060000,0x0000000007160000]

Current CompileTask:
C2:  22382 2707             scala.tools.selectivecps.CPSAnnotationChecker$plugin$::pluginsTyped (1724 bytes)


---------------  P R O C E S S  ---------------

Java Threads: ( => current thread )
  0x00000000066b5800 JavaThread "Service Thread" daemon [_thread_blocked, id=6912, stack(0x0000000007580000,0x0000000007680000)]
  0x00000000066a9000 JavaThread "C2 CompilerThread1" daemon [_thread_in_native, id=928, stack(0x00000000072d0000,0x00000000073d0000)]
=>0x00000000066a3800 JavaThread "C2 CompilerThread0" daemon [_thread_in_native, id=6908, stack(0x0000000007060000,0x0000000007160000)]
  0x000000000669f800 JavaThread "Attach Listener" daemon [_thread_blocked, id=6228, stack(0x0000000007160000,0x0000000007260000)]
  0x000000000669a000 JavaThread "Signal Dispatcher" daemon [_thread_blocked, id=6892, stack(0x0000000006f30000,0x0000000007030000)]
  0x0000000006615000 JavaThread "Finalizer" daemon [_thread_blocked, id=4472, stack(0x0000000006ad0000,0x0000000006bd0000)]
  0x000000000660e000 JavaThread "Reference Handler" daemon [_thread_blocked, id=4276, stack(0x0000000006d80000,0x0000000006e80000)]
  0x000000000046c000 JavaThread "main" [_thread_in_Java, id=6780, stack(0x00000000025e0000,0x00000000026e0000)]

Other Threads:
  0x0000000006604800 VMThread [stack: 0x0000000006bf0000,0x0000000006cf0000] [id=6596]
  0x00000000066c0800 WatcherThread [stack: 0x00000000073d0000,0x00000000074d0000] [id=4992]

VM state:not at safepoint (normal execution)

VM Mutex/Monitor currently owned by a thread: None

Heap
 PSYoungGen      total 648320K, used 286063K [0x00000007d6b60000, 0x00000007ffe30000, 0x0000000800000000)
  eden space 622656K, 45% used [0x00000007d6b60000,0x00000007e7e378a8,0x00000007fcb70000)
  from space 25664K, 18% used [0x00000007fe520000,0x00000007fe9a43c8,0x00000007ffe30000)
  to   space 25984K, 0% used [0x00000007fcb70000,0x00000007fcb70000,0x00000007fe4d0000)
 PSOldGen        total 84544K, used 56871K [0x0000000784200000, 0x0000000789490000, 0x00000007d6b60000)
  object space 84544K, 67% used [0x0000000784200000,0x0000000787989d08,0x0000000789490000)
 PSPermGen       total 33920K, used 33860K [0x000000077f000000, 0x0000000781120000, 0x0000000784200000)
  object space 33920K, 99% used [0x000000077f000000,0x0000000781111078,0x0000000781120000)

Code Cache  [0x00000000026e0000, 0x0000000002d00000, 0x00000000056e0000)
 total_blobs=2382 nmethods=2088 adapters=240 free_code_cache=43503Kb largest_free_block=43915392

Dynamic libraries:
0x000000013f3c0000 - 0x000000013f3f3000 	C:\Program Files\Java\jdk1.7.0\jre\bin\java.exe
0x0000000077580000 - 0x000000007772c000 	C:\Windows\SYSTEM32\ntdll.dll
0x0000000076ff0000 - 0x000000007710f000 	C:\Windows\system32\kernel32.dll
0x000007fefdaa0000 - 0x000007fefdb0c000 	C:\Windows\system32\KERNELBASE.dll
0x000007fefede0000 - 0x000007fefeebb000 	C:\Windows\system32\ADVAPI32.dll
0x000007feff5b0000 - 0x000007feff64f000 	C:\Windows\system32\msvcrt.dll
0x000007fefde10000 - 0x000007fefde2f000 	C:\Windows\SYSTEM32\sechost.dll
0x000007feff760000 - 0x000007feff88e000 	C:\Windows\system32\RPCRT4.dll
0x0000000077320000 - 0x000000007741a000 	C:\Windows\system32\USER32.dll
0x000007feff6d0000 - 0x000007feff737000 	C:\Windows\system32\GDI32.dll
0x000007fefece0000 - 0x000007fefecee000 	C:\Windows\system32\LPK.dll
0x000007feff300000 - 0x000007feff3ca000 	C:\Windows\system32\USP10.dll
0x000007fefc200000 - 0x000007fefc3f4000 	C:\Windows\WinSxS\amd64_microsoft.windows.common-controls_6595b64144ccf1df_6.0.7600.16661_none_fa62ad231704eab7\COMCTL32.dll
0x000007feff650000 - 0x000007feff6c1000 	C:\Windows\system32\SHLWAPI.dll
0x000007fefde30000 - 0x000007fefde5e000 	C:\Windows\system32\IMM32.DLL
0x000007feff150000 - 0x000007feff259000 	C:\Windows\system32\MSCTF.dll
0x00000000222f0000 - 0x00000000223f5000 	C:\Program Files\CheckPoint\ZAForceField\Plugins\ISWSHEX.dll
0x0000000074bf0000 - 0x0000000074cb9000 	C:\Windows\WinSxS\amd64_microsoft.vc80.crt_1fc8b3b9a1e18e3b_8.0.50727.4927_none_88dce9872fb18caf\MSVCR80.dll
0x000007fefdd20000 - 0x000007fefdd59000 	C:\Windows\system32\WINTRUST.dll
0x000007fefdbb0000 - 0x000007fefdd1a000 	C:\Windows\system32\CRYPT32.dll
0x000007fefda90000 - 0x000007fefda9f000 	C:\Windows\system32\MSASN1.dll
0x0000000074cc0000 - 0x0000000074dc9000 	C:\Windows\WinSxS\amd64_microsoft.vc80.crt_1fc8b3b9a1e18e3b_8.0.50727.4927_none_88dce9872fb18caf\MSVCP80.dll
0x000007fefeec0000 - 0x000007feff0c2000 	C:\Windows\system32\ole32.dll
0x000007fefcc90000 - 0x000007fefccbd000 	C:\Windows\system32\ntmarta.dll
0x000007fefddc0000 - 0x000007fefde10000 	C:\Windows\system32\WLDAP32.dll
0x000000006bb10000 - 0x000000006bbe1000 	C:\Program Files\Java\jdk1.7.0\jre\bin\msvcr100.dll
0x000000006be80000 - 0x000000006c54e000 	C:\Program Files\Java\jdk1.7.0\jre\bin\server\jvm.dll
0x000007fefccd0000 - 0x000007fefccd9000 	C:\Windows\system32\WSOCK32.dll
0x000007fefdf00000 - 0x000007fefdf4d000 	C:\Windows\system32\WS2_32.dll
0x000007fefecf0000 - 0x000007fefecf8000 	C:\Windows\system32\NSI.dll
0x000007fefba10000 - 0x000007fefba4b000 	C:\Windows\system32\WINMM.dll
0x0000000077750000 - 0x0000000077757000 	C:\Windows\system32\PSAPI.DLL
0x0000000072fc0000 - 0x0000000072fcf000 	C:\Program Files\Java\jdk1.7.0\jre\bin\verify.dll
0x0000000070130000 - 0x0000000070158000 	C:\Program Files\Java\jdk1.7.0\jre\bin\java.dll
0x0000000070bd0000 - 0x0000000070be5000 	C:\Program Files\Java\jdk1.7.0\jre\bin\zip.dll
0x0000000072e10000 - 0x0000000072e29000 	C:\Program Files\Java\jdk1.7.0\jre\bin\net.dll
0x000007fefd260000 - 0x000007fefd2b4000 	C:\Windows\system32\mswsock.dll
0x000007fefd250000 - 0x000007fefd257000 	C:\Windows\System32\wship6.dll
0x000000006ff70000 - 0x000000006ff81000 	C:\Program Files\Java\jdk1.7.0\jre\bin\nio.dll

VM Arguments:
jvm_args: -Xbootclasspath/a:D:\workspace\.m2\repository\org\scala-lang\scala-library\2.10.2-virtualized\scala-library-2.10.2-virtualized.jar 
java_command: org_scala_tools_maven_executions.MainWithArgsInFile scala.tools.nsc.Main C:\Users\Ralf Mitschke\AppData\Local\Temp\scala-maven-2299298780825815693.args
Launcher Type: SUN_STANDARD

Environment Variables:
CLASSPATH=.;C:\TimesTen\TT1122~1\lib\ttjdbc6.jar;C:\Program Files (x86)\Java\jre6\lib\ext\QTJava.zip
PATH=C:\Program Files (x86)\JetBrains\IntelliJ IDEA Community Edition 12.1\bin\..\.\bin;C:\Program Files (x86)\PC Connectivity Solution\;C:\TimesTen\TT1122~1\bin;C:\TimesTen\TT1122~1\ttoracle_home\instantclient_11_2;D:\bin\apache-ant-1.8.2\bin;D:\bin\apache-maven-3.0.1\bin;C:\Program Files\Common Files\Microsoft Shared\Windows Live;C:\Windows\system32;C:\Windows;C:\Windows\System32\Wbem;C:\Windows\System32\WindowsPowerShell\v1.0\;C:\Program Files (x86)\Toshiba\Bluetooth Toshiba Stack\sys\;C:\Program Files (x86)\Toshiba\Bluetooth Toshiba Stack\sys\x64\;C:\Program Files (x86)\Common Files\Roxio Shared\9.0\DLLShared\;D:\bin\swi-pl\bin;\;D:\bin\usr;C:\Program Files\Java\jdk1.6.0_22\bin;C:\Program Files\MiKTeX 2.9\miktex\bin\x64\;C:\Program Files (x86)\sbt\;C:\Program Files (x86)\Graphviz2.30\bin;C:\Program Files (x86)\QuickTime\QTSystem\;C:\Program Files (x86)\SSH Communications Security\SSH Secure Shell;C:\Users\Ralf Mitschke\AppData\Roaming\MiKTeX\2.9\miktex\bin\x64\;c:\program files\java\jdk1.7.0\jre\bin
USERNAME=Ralf Mitschke
OS=Windows_NT
PROCESSOR_IDENTIFIER=Intel64 Family 6 Model 37 Stepping 5, GenuineIntel



---------------  S Y S T E M  ---------------

OS: Windows 7 , 64 bit Build 7600 

CPU:total 4 (2 cores per cpu, 2 threads per core) family 6 model 37 stepping 5, cmov, cx8, fxsr, mmx, sse, sse2, sse3, ssse3, sse4.1, sse4.2, popcnt, ht

Memory: 4k page, physical 8110516k(521276k free), swap 10641580k(20916k free)

vm_info: Java HotSpot(TM) 64-Bit Server VM (21.0-b17) for windows-amd64 JRE (1.7.0-b147), built on Jun 27 2011 02:19:45 by "java_re" with unknown MS VC++:1600

time: Wed Sep 11 14:57:32 2013
elapsed time: 22 seconds

